[debug] [2024-12-11T10:22:50.934Z] ----------------------------------------------------------------------
[debug] [2024-12-11T10:22:50.937Z] Command:       C:\Program Files\nodejs\node.exe C:\Users\sagar\AppData\Roaming\npm\node_modules\firebase-tools\lib\bin\firebase.js init
[debug] [2024-12-11T10:22:50.937Z] CLI Version:   13.28.0
[debug] [2024-12-11T10:22:50.938Z] Platform:      win32
[debug] [2024-12-11T10:22:50.938Z] Node Version:  v20.12.2
[debug] [2024-12-11T10:22:50.938Z] Time:          Wed Dec 11 2024 15:52:50 GMT+0530 (India Standard Time)
[debug] [2024-12-11T10:22:50.938Z] ----------------------------------------------------------------------
[debug] 
[debug] [2024-12-11T10:22:50.942Z] >>> [apiv2][query] GET https://firebase-public.firebaseio.com/cli.json [none]
[debug] [2024-12-11T10:22:50.997Z] > command requires scopes: ["email","openid","https://www.googleapis.com/auth/cloudplatformprojects.readonly","https://www.googleapis.com/auth/firebase","https://www.googleapis.com/auth/cloud-platform"]
[debug] [2024-12-11T10:22:50.997Z] > authorizing via signed-in user (sagarjaswal9102001@gmail.com)
[info] 
     ######## #### ########  ######## ########     ###     ######  ########
     ##        ##  ##     ## ##       ##     ##  ##   ##  ##       ##
     ######    ##  ########  ######   ########  #########  ######  ######
     ##        ##  ##    ##  ##       ##     ## ##     ##       ## ##
     ##       #### ##     ## ######## ########  ##     ##  ######  ########

You're about to initialize a Firebase project in this directory:

  C:\Users\sagar\Desktop\experimentlabs-assignment

[debug] [2024-12-11T10:22:51.789Z] <<< [apiv2][status] GET https://firebase-public.firebaseio.com/cli.json 200
[debug] [2024-12-11T10:22:51.789Z] <<< [apiv2][body] GET https://firebase-public.firebaseio.com/cli.json {"cloudBuildErrorAfter":1594252800000,"cloudBuildWarnAfter":1590019200000,"defaultNode10After":1594252800000,"minVersion":"3.0.5","node8DeploysDisabledAfter":1613390400000,"node8RuntimeDisabledAfter":1615809600000,"node8WarnAfter":1600128000000}
[debug] [2024-12-11T10:24:14.145Z] ----------------------------------------------------------------------
[debug] [2024-12-11T10:24:14.148Z] Command:       C:\Program Files\nodejs\node.exe C:\Users\sagar\AppData\Roaming\npm\node_modules\firebase-tools\lib\bin\firebase.js init
[debug] [2024-12-11T10:24:14.148Z] CLI Version:   13.28.0
[debug] [2024-12-11T10:24:14.149Z] Platform:      win32
[debug] [2024-12-11T10:24:14.149Z] Node Version:  v20.12.2
[debug] [2024-12-11T10:24:14.149Z] Time:          Wed Dec 11 2024 15:54:14 GMT+0530 (India Standard Time)
[debug] [2024-12-11T10:24:14.149Z] ----------------------------------------------------------------------
[debug] 
[debug] [2024-12-11T10:24:14.157Z] > command requires scopes: ["email","openid","https://www.googleapis.com/auth/cloudplatformprojects.readonly","https://www.googleapis.com/auth/firebase","https://www.googleapis.com/auth/cloud-platform"]
[debug] [2024-12-11T10:24:14.157Z] > authorizing via signed-in user (sagarjaswal9102001@gmail.com)
[info] 
     ######## #### ########  ######## ########     ###     ######  ########
     ##        ##  ##     ## ##       ##     ##  ##   ##  ##       ##
     ######    ##  ########  ######   ########  #########  ######  ######
     ##        ##  ##    ##  ##       ##     ## ##     ##       ## ##
     ##       #### ##     ## ######## ########  ##     ##  ######  ########

You're about to initialize a Firebase project in this directory:

  C:\Users\sagar\Desktop\experimentlabs-assignment

